<?xml version="1.0" encoding="UTF-8"?>
<!-- Generated by org.testng.reporters.JUnitReportReporter -->
<testsuite hostname="AmitKumar" failures="0" tests="3" name="com.crm.qa.testcase.LoginPageTest" time="52.031" errors="0" timestamp="16 Mar 2021 18:28:33 GMT" skipped="0">
  <testcase classname="com.crm.qa.testcase.LoginPageTest" name="loginPageTitleTest" time="17.592"/>
  <testcase classname="com.crm.qa.testcase.LoginPageTest" name="crmLogoTest" time="16.586"/>
  <testcase classname="com.crm.qa.testcase.LoginPageTest" name="loginTest" time="17.853"/>
</testsuite> <!-- com.crm.qa.testcase.LoginPageTest -->
