<?xml version="1.0" encoding="UTF-8"?>
<!-- Generated by org.testng.reporters.JUnitReportReporter -->
<testsuite hostname="DESKTOP-7O139JQ" failures="0" tests="3" name="com.test.TestNGBasics" time="0.017" errors="0" timestamp="2021-02-18T00:52:29 ICT" skipped="0">
  <testcase classname="com.test.TestNGBasics" name="googleLogoTest" time="0.010"/>
  <system-out/>
  <testcase classname="com.test.TestNGBasics" name="googleSearchTest" time="0.003"/>
  <system-out/>
  <testcase classname="com.test.TestNGBasics" name="googleTitleTest" time="0.004"/>
  <system-out/>
</testsuite> <!-- com.test.TestNGBasics -->
