<?xml version="1.0" encoding="UTF-8"?>
<!-- Generated by org.testng.reporters.JUnitReportReporter -->
<testsuite hostname="DESKTOP-7O139JQ" failures="0" tests="1" name="com.test.GoogleTitleTest" time="5.306" errors="0" timestamp="2021-02-18T01:35:06 ICT" skipped="0">
  <testcase classname="com.test.GoogleTitleTest" name="googleTitleTest" time="5.306"/>
  <system-out/>
</testsuite> <!-- com.test.GoogleTitleTest -->
