<?xml version="1.0" encoding="UTF-8"?>
<!-- Generated by org.testng.reporters.JUnitReportReporter -->
<testsuite hostname="DESKTOP-7O139JQ" failures="0" tests="11" name="com.test.TestNgFeatures" time="0.043" errors="0" timestamp="2021-02-18T01:18:41 ICT" skipped="0">
  <testcase classname="com.test.TestNgFeatures" name="loginTest" time="0.001"/>
  <system-out/>
  <testcase classname="com.test.TestNgFeatures" name="loginTest" time="0.002"/>
  <system-out/>
  <testcase classname="com.test.TestNgFeatures" name="loginTest" time="0.014"/>
  <system-out/>
  <testcase classname="com.test.TestNgFeatures" name="loginTest" time="0.004"/>
  <system-out/>
  <testcase classname="com.test.TestNgFeatures" name="homePageTest" time="0.001"/>
  <system-out/>
  <testcase classname="com.test.TestNgFeatures" name="loginTest" time="0.003"/>
  <system-out/>
  <testcase classname="com.test.TestNgFeatures" name="loginTest" time="0.003"/>
  <system-out/>
  <testcase classname="com.test.TestNgFeatures" name="loginTest" time="0.004"/>
  <system-out/>
  <testcase classname="com.test.TestNgFeatures" name="loginTest" time="0.002"/>
  <system-out/>
  <testcase classname="com.test.TestNgFeatures" name="loginTest" time="0.007"/>
  <system-out/>
  <testcase classname="com.test.TestNgFeatures" name="loginTest" time="0.002"/>
  <system-out/>
</testsuite> <!-- com.test.TestNgFeatures -->
